Arguments: 
  D:\Program Files\nodejs\4.4.5\node.exe C:\Users\Father\AppData\Roaming\npm\node_modules\.yarn_npminstall\node_modules\.0.16.1@yarn\bin\yarn.js

PATH: 
  C:\Users\Father\bin;D:\Program Files (x86)\Git\mingw32\bin;D:\Program Files (x86)\Git\usr\local\bin;D:\Program Files (x86)\Git\usr\bin;D:\Program Files (x86)\Git\usr\bin;D:\Program Files (x86)\Git\mingw32\bin;D:\Program Files (x86)\Git\usr\bin;C:\Users\Father\bin;C:\ProgramData\Oracle\Java\javapath;C:\Program Files (x86)\Intel\iCLS Client;C:\Program Files\Intel\iCLS Client;C:\Windows\system32;C:\Windows;C:\Windows\System32\Wbem;C:\Windows\System32\WindowsPowerShell\v1.0;C:\Program Files (x86)\NVIDIA Corporation\PhysX\Common;C:\Program Files (x86)\Intel\Intel(R) Management Engine Components\DAL;C:\Program Files\Intel\Intel(R) Management Engine Components\DAL;C:\Program Files (x86)\Intel\Intel(R) Management Engine Components\IPT;C:\Program Files\Intel\Intel(R) Management Engine Components\IPT;C:\Program Files\Intel\WiFi\bin;C:\Program Files\Common Files\Intel\WirelessCommon;D:\Program Files\apache-maven-3.3.3\bin;D:\Program Files (x86)\Git\usr\bin;D:\Program Files\nodejs\4.4.5;D:\Go\bin;C:\WINDOWS\system32;C:\WINDOWS;C:\WINDOWS\System32\Wbem;C:\WINDOWS\System32\WindowsPowerShell\v1.0;C:\Users\Father\AppData\Roaming\npm;D:\Python27;C:\Users\Father\AppData\Local\atom\bin;%USERPROFILE%\AppData\Local\Microsoft\WindowsApps;D:\Program Files (x86)\Git\usr\bin\vendor_perl;D:\Program Files (x86)\Git\usr\bin\core_perl

Yarn version: 
  0.16.1

Node version: 
  4.4.5

Platform: 
  win32 x64

npm manifest: 
  {
    "name": "vue-cli2",
    "version": "1.0.0",
    "description": "A Vue.js project",
    "author": "Ziqiang Lv <lvziqiang@smartconn.cc>",
    "private": true,
    "scripts": {
      "dev": "node build/dev-server.js",
      "build": "node build/build.js"
    },
    "dependencies": {
      "vue": "^2.0.1"
    },
    "devDependencies": {
      "autoprefixer": "^6.4.0",
      "babel-core": "^6.0.0",
      "babel-loader": "^6.0.0",
      "babel-plugin-transform-runtime": "^6.0.0",
      "babel-preset-es2015": "^6.0.0",
      "babel-preset-stage-2": "^6.0.0",
      "babel-register": "^6.0.0",
      "connect-history-api-fallback": "^1.1.0",
      "css-loader": "^0.25.0",
      "eventsource-polyfill": "^0.9.6",
      "express": "^4.13.3",
      "extract-text-webpack-plugin": "^1.0.1",
      "file-loader": "^0.9.0",
      "function-bind": "^1.0.2",
      "html-webpack-plugin": "^2.8.1",
      "http-proxy-middleware": "^0.17.2",
      "json-loader": "^0.5.4",
      "opn": "^4.0.2",
      "ora": "^0.3.0",
      "shelljs": "^0.7.4",
      "url-loader": "^0.5.7",
      "vue-loader": "^9.4.0",
      "vue-style-loader": "^1.0.0",
      "webpack": "^1.13.2",
      "webpack-dev-middleware": "^1.8.3",
      "webpack-hot-middleware": "^2.12.2",
      "webpack-merge": "^0.14.1"
    }
  }

yarn manifest: 
  No manifest

bower manifest: 
  No manifest

Lockfile: 
  No lockfile

Trace: 
  Error: connect ETIMEDOUT 104.16.59.173:443
      at Object.exports._errnoException (util.js:870:11)
      at exports._exceptionWithHostPort (util.js:893:20)
      at TCPConnectWrap.afterConnect [as oncomplete] (net.js:1061:14)
